Arguments: 
  /Users/andrea/.nvm/versions/node/v14.16.1/bin/node /Users/andrea/.nvm/versions/node/v14.16.1/bin/yarn

PATH: 
  /Applications/google-cloud-sdk/bin:/Users/andrea/.nvm/versions/node/v14.16.1/bin:/usr/local/bin:/usr/bin:/bin:/usr/sbin:/sbin:/Users/andrea/ms/bin

Yarn version: 
  1.22.10

Node version: 
  14.16.1

Platform: 
  darwin x64

Trace: 
  Error: https://registry.npmjs.org/nextjs-shared: Not found
      at Request.params.callback [as _callback] (/Users/andrea/.nvm/versions/node/v14.16.1/lib/node_modules/yarn/lib/cli.js:66988:18)
      at Request.self.callback (/Users/andrea/.nvm/versions/node/v14.16.1/lib/node_modules/yarn/lib/cli.js:140662:22)
      at Request.emit (events.js:315:20)
      at Request.<anonymous> (/Users/andrea/.nvm/versions/node/v14.16.1/lib/node_modules/yarn/lib/cli.js:141634:10)
      at Request.emit (events.js:315:20)
      at IncomingMessage.<anonymous> (/Users/andrea/.nvm/versions/node/v14.16.1/lib/node_modules/yarn/lib/cli.js:141556:12)
      at Object.onceWrapper (events.js:421:28)
      at IncomingMessage.emit (events.js:327:22)
      at endReadableNT (internal/streams/readable.js:1327:12)
      at processTicksAndRejections (internal/process/task_queues.js:80:21)

npm manifest: 
  {
    "name": "home",
    "version": "0.1.0",
    "private": true,
    "scripts": {
      "dev": "NODE_OPTIONS='--inspect' next dev -p 3001",
      "build": "NEXT_TELEMETRY_DISABLED=1 next build",
      "start": "next start -p 8080"
    },
    "dependencies": {
      "nextjs-shared": "*",
      "@module-federation/nextjs-mf": "^3.1.3",
      "lodash": "4.17.21",
      "next": "11.0.2-canary.24",
      "next-compose-plugins": "^2.2.1",
      "react": "17.0.2",
      "react-dom": "17.0.2",
      "webpack": "5.47.1",
      "webpack-merge": "^5.8.0"
    }
  }

yarn manifest: 
  No manifest

Lockfile: 
  No lockfile
